# JRE version: Java(TM) SE Runtime Environment (8.0_73-b02) (build 1.8.0_73-b02)
# Java VM: Java HotSpot(TM) 64-Bit Server VM (25.73-b02 mixed mode windows-amd64 compressed oops)
Heap:
 PSYoungGen      total 35328K, used 5748K [0x00000000eb400000, 0x00000000ee800000, 0x0000000100000000)
  eden space 32768K, 17% used [0x00000000eb400000,0x00000000eb99d188,0x00000000ed400000)
  from space 2560K, 0% used [0x00000000ed400000,0x00000000ed400000,0x00000000ed680000)
  to   space 2560K, 0% used [0x00000000ee580000,0x00000000ee580000,0x00000000ee800000)
 ParOldGen       total 44032K, used 34004K [0x00000000c1c00000, 0x00000000c4700000, 0x00000000eb400000)
  object space 44032K, 77% used [0x00000000c1c00000,0x00000000c3d351b0,0x00000000c4700000)
 Metaspace       used 10548K, capacity 10752K, committed 11008K, reserved 1058816K
  class space    used 1361K, capacity 1446K, committed 1536K, reserved 1048576K
GC Heap History (10 events):
Event: 1.028 GC heap before
{Heap before GC invocations=1 (full 0):
 PSYoungGen      total 18944K, used 16384K [0x00000000eb400000, 0x00000000ec900000, 0x0000000100000000)
  eden space 16384K, 100% used [0x00000000eb400000,0x00000000ec400000,0x00000000ec400000)
  from space 2560K, 0% used [0x00000000ec680000,0x00000000ec680000,0x00000000ec900000)
  to   space 2560K, 0% used [0x00000000ec400000,0x00000000ec400000,0x00000000ec680000)
 ParOldGen       total 44032K, used 0K [0x00000000c1c00000, 0x00000000c4700000, 0x00000000eb400000)
  object space 44032K, 0% used [0x00000000c1c00000,0x00000000c1c00000,0x00000000c4700000)
 Metaspace       used 6963K, capacity 7136K, committed 7424K, reserved 1056768K
  class space    used 840K, capacity 930K, committed 1024K, reserved 1048576K
Event: 1.038 GC heap after
Heap after GC invocations=1 (full 0):
 PSYoungGen      total 18944K, used 1248K [0x00000000eb400000, 0x00000000ed900000, 0x0000000100000000)
  eden space 16384K, 0% used [0x00000000eb400000,0x00000000eb400000,0x00000000ec400000)
  from space 2560K, 48% used [0x00000000ec400000,0x00000000ec538010,0x00000000ec680000)
  to   space 2560K, 0% used [0x00000000ed680000,0x00000000ed680000,0x00000000ed900000)
 ParOldGen       total 44032K, used 21152K [0x00000000c1c00000, 0x00000000c4700000, 0x00000000eb400000)
  object space 44032K, 48% used [0x00000000c1c00000,0x00000000c30a82e0,0x00000000c4700000)
 Metaspace       used 6963K, capacity 7136K, committed 7424K, reserved 1056768K
  class space    used 840K, capacity 930K, committed 1024K, reserved 1048576K
}
Event: 2.397 GC heap before
{Heap before GC invocations=2 (full 0):
 PSYoungGen      total 18944K, used 15854K [0x00000000eb400000, 0x00000000ed900000, 0x0000000100000000)
  eden space 16384K, 89% used [0x00000000eb400000,0x00000000ec243918,0x00000000ec400000)
  from space 2560K, 48% used [0x00000000ec400000,0x00000000ec538010,0x00000000ec680000)
  to   space 2560K, 0% used [0x00000000ed680000,0x00000000ed680000,0x00000000ed900000)
 ParOldGen       total 44032K, used 21152K [0x00000000c1c00000, 0x00000000c4700000, 0x00000000eb400000)
  object space 44032K, 48% used [0x00000000c1c00000,0x00000000c30a82e0,0x00000000c4700000)
 Metaspace       used 10159K, capacity 10358K, committed 10624K, reserved 1058816K
  class space    used 1312K, capacity 1381K, committed 1408K, reserved 1048576K
Event: 2.408 GC heap after
Heap after GC invocations=2 (full 0):
 PSYoungGen      total 35328K, used 2529K [0x00000000eb400000, 0x00000000ed900000, 0x0000000100000000)
  eden space 32768K, 0% used [0x00000000eb400000,0x00000000eb400000,0x00000000ed400000)
  from space 2560K, 98% used [0x00000000ed680000,0x00000000ed8f8500,0x00000000ed900000)
  to   space 2560K, 0% used [0x00000000ed400000,0x00000000ed400000,0x00000000ed680000)
 ParOldGen       total 44032K, used 39465K [0x00000000c1c00000, 0x00000000c4700000, 0x00000000eb400000)
  object space 44032K, 89% used [0x00000000c1c00000,0x00000000c428a450,0x00000000c4700000)
 Metaspace       used 10159K, capacity 10358K, committed 10624K, reserved 1058816K
  class space    used 1312K, capacity 1381K, committed 1408K, reserved 1048576K
}
Event: 2.408 GC heap before
{Heap before GC invocations=3 (full 1):
 PSYoungGen      total 35328K, used 2529K [0x00000000eb400000, 0x00000000ed900000, 0x0000000100000000)
  eden space 32768K, 0% used [0x00000000eb400000,0x00000000eb400000,0x00000000ed400000)
  from space 2560K, 98% used [0x00000000ed680000,0x00000000ed8f8500,0x00000000ed900000)
  to   space 2560K, 0% used [0x00000000ed400000,0x00000000ed400000,0x00000000ed680000)
 ParOldGen       total 44032K, used 39465K [0x00000000c1c00000, 0x00000000c4700000, 0x00000000eb400000)
  object space 44032K, 89% used [0x00000000c1c00000,0x00000000c428a450,0x00000000c4700000)
 Metaspace       used 10159K, capacity 10358K, committed 10624K, reserved 1058816K
  class space    used 1312K, capacity 1381K, committed 1408K, reserved 1048576K
Event: 2.430 GC heap after
Heap after GC invocations=3 (full 1):
 PSYoungGen      total 35328K, used 0K [0x00000000eb400000, 0x00000000ed900000, 0x0000000100000000)
  eden space 32768K, 0% used [0x00000000eb400000,0x00000000eb400000,0x00000000ed400000)
  from space 2560K, 0% used [0x00000000ed680000,0x00000000ed680000,0x00000000ed900000)
  to   space 2560K, 0% used [0x00000000ed400000,0x00000000ed400000,0x00000000ed680000)
 ParOldGen       total 44032K, used 16675K [0x00000000c1c00000, 0x00000000c4700000, 0x00000000eb400000)
  object space 44032K, 37% used [0x00000000c1c00000,0x00000000c2c48dc0,0x00000000c4700000)
 Metaspace       used 10159K, capacity 10358K, committed 10624K, reserved 1058816K
  class space    used 1312K, capacity 1381K, committed 1408K, reserved 1048576K
}
Event: 3.796 GC heap before
{Heap before GC invocations=4 (full 1):
 PSYoungGen      total 35328K, used 31079K [0x00000000eb400000, 0x00000000ed900000, 0x0000000100000000)
  eden space 32768K, 94% used [0x00000000eb400000,0x00000000ed259d80,0x00000000ed400000)
  from space 2560K, 0% used [0x00000000ed680000,0x00000000ed680000,0x00000000ed900000)
  to   space 2560K, 0% used [0x00000000ed400000,0x00000000ed400000,0x00000000ed680000)
 ParOldGen       total 44032K, used 16675K [0x00000000c1c00000, 0x00000000c4700000, 0x00000000eb400000)
  object space 44032K, 37% used [0x00000000c1c00000,0x00000000c2c48dc0,0x00000000c4700000)
 Metaspace       used 10548K, capacity 10752K, committed 11008K, reserved 1058816K
  class space    used 1361K, capacity 1446K, committed 1536K, reserved 1048576K
Event: 3.802 GC heap after
Heap after GC invocations=4 (full 1):
 PSYoungGen      total 35328K, used 2540K [0x00000000eb400000, 0x00000000ee800000, 0x0000000100000000)
  eden space 32768K, 0% used [0x00000000eb400000,0x00000000eb400000,0x00000000ed400000)
  from space 2560K, 99% used [0x00000000ed400000,0x00000000ed67b3c8,0x00000000ed680000)
  to   space 2560K, 0% used [0x00000000ee580000,0x00000000ee580000,0x00000000ee800000)
 ParOldGen       total 44032K, used 35011K [0x00000000c1c00000, 0x00000000c4700000, 0x00000000eb400000)
  object space 44032K, 79% used [0x00000000c1c00000,0x00000000c3e30ef8,0x00000000c4700000)
 Metaspace       used 10548K, capacity 10752K, committed 11008K, reserved 1058816K
  class space    used 1361K, capacity 1446K, committed 1536K, reserved 1048576K
}
Event: 3.802 GC heap before
{Heap before GC invocations=5 (full 2):
 PSYoungGen      total 35328K, used 2540K [0x00000000eb400000, 0x00000000ee800000, 0x0000000100000000)
  eden space 32768K, 0% used [0x00000000eb400000,0x00000000eb400000,0x00000000ed400000)
  from space 2560K, 99% used [0x00000000ed400000,0x00000000ed67b3c8,0x00000000ed680000)
  to   space 2560K, 0% used [0x00000000ee580000,0x00000000ee580000,0x00000000ee800000)
 ParOldGen       total 44032K, used 35011K [0x00000000c1c00000, 0x00000000c4700000, 0x00000000eb400000)
  object space 44032K, 79% used [0x00000000c1c00000,0x00000000c3e30ef8,0x00000000c4700000)
 Metaspace       used 10548K, capacity 10752K, committed 11008K, reserved 1058816K
  class space    used 1361K, capacity 1446K, committed 1536K, reserved 1048576K
Event: 3.828 GC heap after
Heap after GC invocations=5 (full 2):
 PSYoungGen      total 35328K, used 0K [0x00000000eb400000, 0x00000000ee800000, 0x0000000100000000)
  eden space 32768K, 0% used [0x00000000eb400000,0x00000000eb400000,0x00000000ed400000)
  from space 2560K, 0% used [0x00000000ed400000,0x00000000ed400000,0x00000000ed680000)
  to   space 2560K, 0% used [0x00000000ee580000,0x00000000ee580000,0x00000000ee800000)
 ParOldGen       total 44032K, used 34004K [0x00000000c1c00000, 0x00000000c4700000, 0x00000000eb400000)
  object space 44032K, 77% used [0x00000000c1c00000,0x00000000c3d351b0,0x00000000c4700000)
 Metaspace       used 10548K, capacity 10752K, committed 11008K, reserved 1058816K
  class space    used 1361K, capacity 1446K, committed 1536K, reserved 1048576K
}

